[debug] [2022-07-21T14:34:04.968Z] ----------------------------------------------------------------------
[debug] [2022-07-21T14:34:04.971Z] Command:       C:\Program Files\nodejs\node.exe C:\Users\Admin\AppData\Roaming\npm\node_modules\firebase-tools\lib\bin\firebase.js init
[debug] [2022-07-21T14:34:04.971Z] CLI Version:   11.3.0
[debug] [2022-07-21T14:34:04.972Z] Platform:      win32
[debug] [2022-07-21T14:34:04.972Z] Node Version:  v16.15.1
[debug] [2022-07-21T14:34:04.981Z] Time:          Thu Jul 21 2022 16:34:04 GMT+0200 (South Africa Standard Time)
[debug] [2022-07-21T14:34:04.982Z] ----------------------------------------------------------------------
[debug] 
[debug] [2022-07-21T14:34:04.993Z] > command requires scopes: ["email","openid","https://www.googleapis.com/auth/cloudplatformprojects.readonly","https://www.googleapis.com/auth/firebase","https://www.googleapis.com/auth/cloud-platform"]
[debug] [2022-07-21T14:34:04.994Z] > authorizing via signed-in user (bulelaniskhikhi@gmail.com)
[info] 
     ######## #### ########  ######## ########     ###     ######  ########
     ##        ##  ##     ## ##       ##     ##  ##   ##  ##       ##
     ######    ##  ########  ######   ########  #########  ######  ######
     ##        ##  ##    ##  ##       ##     ## ##     ##       ## ##
     ##       #### ##     ## ######## ########  ##     ##  ######  ########

You're about to initialize a Firebase project in this directory:

  C:\Users\Admin\Documents\Vue_Workshop\vue_porfolio

[info] 
=== Project Setup
[info] 
[info] First, let's associate this project directory with a Firebase project.
[info] You can create multiple project aliases by running firebase use --add, 
[info] but for now we'll just set up a default project.
[info] 
[debug] [2022-07-21T14:34:51.704Z] >>> [apiv2][query] GET https://firebase.googleapis.com/v1beta1/projects pageSize=100
[debug] [2022-07-21T14:34:52.794Z] <<< [apiv2][status] GET https://firebase.googleapis.com/v1beta1/projects 200
[debug] [2022-07-21T14:34:52.795Z] <<< [apiv2][body] GET https://firebase.googleapis.com/v1beta1/projects [omitted]
